<?xml version="1.0" encoding="UTF-8"?>
<testng-results skipped="0" failed="0" ignored="0" total="1" passed="1">
  <reporter-output>
  </reporter-output>
  <suite name="Suite" duration-ms="170143" started-at="2019-01-20T17:16:36Z" finished-at="2019-01-20T17:19:26Z">
    <groups>
    </groups>
    <test name="Test" duration-ms="170143" started-at="2019-01-20T17:16:36Z" finished-at="2019-01-20T17:19:26Z">
      <class name="com.me.AutomationDevelop.homeTest.LoginPF">
        <test-method status="PASS" signature="setUp()[pri:0, instance:com.me.AutomationDevelop.homeTest.LoginPF@69930714]" name="setUp" is-config="true" duration-ms="105292" started-at="2019-01-20T17:16:36Z" finished-at="2019-01-20T17:18:21Z">
          <reporter-output>
          </reporter-output>
        </test-method> <!-- setUp -->
        <test-method status="PASS" signature="initialize()[pri:0, instance:com.me.AutomationDevelop.homeTest.LoginPF@69930714]" name="initialize" is-config="true" duration-ms="504" started-at="2019-01-20T17:18:22Z" finished-at="2019-01-20T17:18:22Z">
          <reporter-output>
          </reporter-output>
        </test-method> <!-- initialize -->
        <test-method status="PASS" signature="LoginAmazon()[pri:0, instance:com.me.AutomationDevelop.homeTest.LoginPF@69930714]" name="LoginAmazon" duration-ms="60640" started-at="2019-01-20T17:18:24Z" finished-at="2019-01-20T17:19:25Z">
          <reporter-output>
          </reporter-output>
        </test-method> <!-- LoginAmazon -->
        <test-method status="PASS" signature="closeBrowser()[pri:0, instance:com.me.AutomationDevelop.homeTest.LoginPF@69930714]" name="closeBrowser" is-config="true" duration-ms="1394" started-at="2019-01-20T17:19:25Z" finished-at="2019-01-20T17:19:26Z">
          <reporter-output>
          </reporter-output>
        </test-method> <!-- closeBrowser -->
      </class> <!-- com.me.AutomationDevelop.homeTest.LoginPF -->
    </test> <!-- Test -->
  </suite> <!-- Suite -->
</testng-results>
